<?xml version="1.0" encoding="UTF-8"?>
<!-- Generated by org.testng.reporters.JUnitReportReporter -->
<testsuite hostname="LAPTOP-R5OT0MUE" failures="0" tests="2" name="SanityTests" time="0.010" errors="0" timestamp="2022-11-05T15:37:57 EDT" skipped="0">
  <testcase classname="SanityTests" name="canRunTest" time="0.009"/>
  <system-out/>
  <testcase classname="SanityTests" name="canUseVar" time="0.001"/>
  <system-out/>
</testsuite> <!-- SanityTests -->
